;  LST file generated by mikroListExporter - v.2.0 
; Date/Time: 9.01.2021 16:33:21
;----------------------------------------------

;Address Opcode 	ASM
0x0000	0x2803      	GOTO       3
_main:
;_2LI_KAVSAK_TRAFIK.c,1 :: 		void main() {
;_2LI_KAVSAK_TRAFIK.c,2 :: 		TRISA=0B00000000;
0x0003	0x1683      	BSF        STATUS, 5
0x0004	0x1303      	BCF        STATUS, 6
0x0005	0x0185      	CLRF       TRISA
;_2LI_KAVSAK_TRAFIK.c,3 :: 		TRISB=0B00000000;
0x0006	0x0186      	CLRF       TRISB
;_2LI_KAVSAK_TRAFIK.c,4 :: 		PORTA=0;
0x0007	0x1283      	BCF        STATUS, 5
0x0008	0x0185      	CLRF       PORTA
;_2LI_KAVSAK_TRAFIK.c,5 :: 		PORTB=0;
0x0009	0x0186      	CLRF       PORTB
;_2LI_KAVSAK_TRAFIK.c,6 :: 		CMCON=7;
0x000A	0x3007      	MOVLW      7
0x000B	0x009F      	MOVWF      CMCON
;_2LI_KAVSAK_TRAFIK.c,7 :: 		while(1)
L_main0:
;_2LI_KAVSAK_TRAFIK.c,9 :: 		PORTA.RA0=1;
0x000C	0x1405      	BSF        PORTA, 0
;_2LI_KAVSAK_TRAFIK.c,10 :: 		PORTB.RB2=1;
0x000D	0x1506      	BSF        PORTB, 2
;_2LI_KAVSAK_TRAFIK.c,11 :: 		DELAY_MS(2000);
0x000E	0x300B      	MOVLW      11
0x000F	0x00FB      	MOVWF      R11
0x0010	0x3026      	MOVLW      38
0x0011	0x00FC      	MOVWF      R12
0x0012	0x305D      	MOVLW      93
0x0013	0x00FD      	MOVWF      R13
L_main2:
0x0014	0x0BFD      	DECFSZ     R13, 1
0x0015	0x2814      	GOTO       L_main2
0x0016	0x0BFC      	DECFSZ     R12, 1
0x0017	0x2814      	GOTO       L_main2
0x0018	0x0BFB      	DECFSZ     R11, 1
0x0019	0x2814      	GOTO       L_main2
0x001A	0x0000      	NOP
0x001B	0x0000      	NOP
;_2LI_KAVSAK_TRAFIK.c,12 :: 		PORTA.RA0=0;
0x001C	0x1005      	BCF        PORTA, 0
;_2LI_KAVSAK_TRAFIK.c,13 :: 		PORTB.RB2=0;
0x001D	0x1106      	BCF        PORTB, 2
;_2LI_KAVSAK_TRAFIK.c,14 :: 		PORTA.RA1=1;
0x001E	0x1485      	BSF        PORTA, 1
;_2LI_KAVSAK_TRAFIK.c,15 :: 		PORTB.RB1=1;
0x001F	0x1486      	BSF        PORTB, 1
;_2LI_KAVSAK_TRAFIK.c,16 :: 		DELAY_MS(1000);
0x0020	0x3006      	MOVLW      6
0x0021	0x00FB      	MOVWF      R11
0x0022	0x3013      	MOVLW      19
0x0023	0x00FC      	MOVWF      R12
0x0024	0x30AD      	MOVLW      173
0x0025	0x00FD      	MOVWF      R13
L_main3:
0x0026	0x0BFD      	DECFSZ     R13, 1
0x0027	0x2826      	GOTO       L_main3
0x0028	0x0BFC      	DECFSZ     R12, 1
0x0029	0x2826      	GOTO       L_main3
0x002A	0x0BFB      	DECFSZ     R11, 1
0x002B	0x2826      	GOTO       L_main3
0x002C	0x0000      	NOP
0x002D	0x0000      	NOP
;_2LI_KAVSAK_TRAFIK.c,17 :: 		PORTA.RA1=0;
0x002E	0x1085      	BCF        PORTA, 1
;_2LI_KAVSAK_TRAFIK.c,18 :: 		PORTB.RB1=0;
0x002F	0x1086      	BCF        PORTB, 1
;_2LI_KAVSAK_TRAFIK.c,19 :: 		PORTA.RA2=1;
0x0030	0x1505      	BSF        PORTA, 2
;_2LI_KAVSAK_TRAFIK.c,20 :: 		PORTB.RB0=1;
0x0031	0x1406      	BSF        PORTB, 0
;_2LI_KAVSAK_TRAFIK.c,21 :: 		DELAY_MS(2000);
0x0032	0x300B      	MOVLW      11
0x0033	0x00FB      	MOVWF      R11
0x0034	0x3026      	MOVLW      38
0x0035	0x00FC      	MOVWF      R12
0x0036	0x305D      	MOVLW      93
0x0037	0x00FD      	MOVWF      R13
L_main4:
0x0038	0x0BFD      	DECFSZ     R13, 1
0x0039	0x2838      	GOTO       L_main4
0x003A	0x0BFC      	DECFSZ     R12, 1
0x003B	0x2838      	GOTO       L_main4
0x003C	0x0BFB      	DECFSZ     R11, 1
0x003D	0x2838      	GOTO       L_main4
0x003E	0x0000      	NOP
0x003F	0x0000      	NOP
;_2LI_KAVSAK_TRAFIK.c,22 :: 		PORTA.RA2=0;
0x0040	0x1105      	BCF        PORTA, 2
;_2LI_KAVSAK_TRAFIK.c,23 :: 		PORTB.RB0=0;
0x0041	0x1006      	BCF        PORTB, 0
;_2LI_KAVSAK_TRAFIK.c,24 :: 		PORTA.RA1=1;
0x0042	0x1485      	BSF        PORTA, 1
;_2LI_KAVSAK_TRAFIK.c,25 :: 		PORTB.RB1=1;
0x0043	0x1486      	BSF        PORTB, 1
;_2LI_KAVSAK_TRAFIK.c,26 :: 		DELAY_MS(1000);
0x0044	0x3006      	MOVLW      6
0x0045	0x00FB      	MOVWF      R11
0x0046	0x3013      	MOVLW      19
0x0047	0x00FC      	MOVWF      R12
0x0048	0x30AD      	MOVLW      173
0x0049	0x00FD      	MOVWF      R13
L_main5:
0x004A	0x0BFD      	DECFSZ     R13, 1
0x004B	0x284A      	GOTO       L_main5
0x004C	0x0BFC      	DECFSZ     R12, 1
0x004D	0x284A      	GOTO       L_main5
0x004E	0x0BFB      	DECFSZ     R11, 1
0x004F	0x284A      	GOTO       L_main5
0x0050	0x0000      	NOP
0x0051	0x0000      	NOP
;_2LI_KAVSAK_TRAFIK.c,27 :: 		PORTA.RA1=0;
0x0052	0x1085      	BCF        PORTA, 1
;_2LI_KAVSAK_TRAFIK.c,28 :: 		PORTB.RB1=0;
0x0053	0x1086      	BCF        PORTB, 1
;_2LI_KAVSAK_TRAFIK.c,32 :: 		}
0x0054	0x280C      	GOTO       L_main0
;_2LI_KAVSAK_TRAFIK.c,33 :: 		}
L_end_main:
0x0055	0x2855      	GOTO       $+0
; end of _main
Symbol List:
//** Routines locations **
//ADDRESS    SIZE    PROCEDURE
//----------------------------------------------
0x0003      [83]    _main
//** Variables locations ** 
//ADDRESS    SIZE    VARIABLE
//----------------------------------------------
0x0000       [1]    INDF
0x0003       [1]    STATUS
0x0004       [1]    FSR
0x0005       [1]    PORTA
0x0006       [1]    PORTB
0x000A       [1]    PCLATH
0x001F       [1]    CMCON
0x0020       [2]    ___DoICPAddr
0x0070       [1]    R0
0x0071       [1]    R1
0x0072       [1]    R2
0x0073       [1]    R3
0x0074       [1]    R4
0x0075       [1]    R5
0x0076       [1]    R6
0x0077       [1]    R7
0x0078       [1]    R8
0x0079       [1]    R9
0x007A       [1]    R10
0x007B       [1]    R11
0x007C       [1]    R12
0x007D       [1]    R13
0x007E       [1]    R14
0x007F       [1]    R15
0x0085       [1]    TRISA
0x0086       [1]    TRISB
