;  LST file generated by mikroListExporter - v.2.0 
; Date/Time: 10.01.2021 14:47:36
;----------------------------------------------

;Address Opcode 	ASM
0x0000	0x2816      	GOTO       22
_____DoICP:
;__Lib_System.c,6 :: 		
;__Lib_System.c,9 :: 		
0x0003	0x1283      	BCF        STATUS, 5
0x0004	0x1303      	BCF        STATUS, 6
0x0005	0x0822      	MOVF       ___DoICPAddr+1, 0
0x0006	0x008A      	MOVWF      PCLATH
;__Lib_System.c,10 :: 		
0x0007	0x0821      	MOVF       ___DoICPAddr, 0
0x0008	0x0082      	MOVWF      PCL
;__Lib_System.c,12 :: 		
L_end_____DoICP:
0x0009	0x0008      	RETURN
; end of _____DoICP
___CC2DW:
;__Lib_System.c,134 :: 		
;__Lib_System.c,137 :: 		
_CC2D_Loop1:
;__Lib_System.c,139 :: 		
0x000A	0x2003      	CALL       _____DoICP
0x000B	0x118A      	BCF        PCLATH, 3
0x000C	0x120A      	BCF        PCLATH, 4
;__Lib_System.c,141 :: 		
0x000D	0x0080      	MOVWF      INDF
;__Lib_System.c,142 :: 		
0x000E	0x0A84      	INCF       FSR, 1
;__Lib_System.c,143 :: 		
0x000F	0x0AA1      	INCF       ___DoICPAddr, 1
;__Lib_System.c,145 :: 		
0x0010	0x1903      	BTFSC      STATUS, 2
;__Lib_System.c,146 :: 		
0x0011	0x0AA2      	INCF       ___DoICPAddr+1, 1
;__Lib_System.c,147 :: 		
0x0012	0x03F0      	DECF       R0, 1
;__Lib_System.c,149 :: 		
0x0013	0x1D03      	BTFSS      STATUS, 2
;__Lib_System.c,150 :: 		
0x0014	0x280A      	GOTO       _CC2D_Loop1
;__Lib_System.c,152 :: 		
L_end___CC2DW:
0x0015	0x0008      	RETURN
; end of ___CC2DW
_main:
0x0016	0x1283      	BCF        STATUS, 5
0x0017	0x1303      	BCF        STATUS, 6
0x0018	0x01A0      	CLRF       _i
;WH_LE_DONGUSU.c,5 :: 		void main() {
;WH_LE_DONGUSU.c,7 :: 		CMCON=0X07; // COMPARATOR KISMI KAPATILDI
0x0019	0x3007      	MOVLW      7
0x001A	0x009F      	MOVWF      CMCON
;WH_LE_DONGUSU.c,8 :: 		VRCON=0;
0x001B	0x1683      	BSF        STATUS, 5
0x001C	0x019F      	CLRF       VRCON
;WH_LE_DONGUSU.c,9 :: 		TRISA=0B00000000;
0x001D	0x0185      	CLRF       TRISA
;WH_LE_DONGUSU.c,10 :: 		TRISB=0X00;
0x001E	0x0186      	CLRF       TRISB
;WH_LE_DONGUSU.c,11 :: 		PORTA=0;
0x001F	0x1283      	BCF        STATUS, 5
0x0020	0x0185      	CLRF       PORTA
;WH_LE_DONGUSU.c,12 :: 		PORTB=0;
0x0021	0x0186      	CLRF       PORTB
;WH_LE_DONGUSU.c,13 :: 		while(1<10)
L_main0:
;WH_LE_DONGUSU.c,15 :: 		portb.rb2=1;
0x0022	0x1506      	BSF        PORTB, 2
;WH_LE_DONGUSU.c,16 :: 		i=i+1;
0x0023	0x0AA0      	INCF       _i, 1
;WH_LE_DONGUSU.c,17 :: 		delay_ms(100);
0x0024	0x3082      	MOVLW      130
0x0025	0x00FC      	MOVWF      R12
0x0026	0x30DD      	MOVLW      221
0x0027	0x00FD      	MOVWF      R13
L_main2:
0x0028	0x0BFD      	DECFSZ     R13, 1
0x0029	0x2828      	GOTO       L_main2
0x002A	0x0BFC      	DECFSZ     R12, 1
0x002B	0x2828      	GOTO       L_main2
0x002C	0x0000      	NOP
0x002D	0x0000      	NOP
;WH_LE_DONGUSU.c,20 :: 		}
0x002E	0x2822      	GOTO       L_main0
;WH_LE_DONGUSU.c,24 :: 		}
L_end_main:
0x002F	0x282F      	GOTO       $+0
; end of _main
Symbol List:
//** Routines locations **
//ADDRESS    SIZE    PROCEDURE
//----------------------------------------------
0x0003       [7]    _____DoICP
0x000A      [12]    ___CC2DW
0x0016      [26]    _main
//** Variables locations ** 
//ADDRESS    SIZE    VARIABLE
//----------------------------------------------
0x0000       [1]    INDF
0x0002       [1]    PCL
0x0003       [1]    STATUS
0x0004       [1]    FSR
0x0005       [1]    PORTA
0x0006       [1]    PORTB
0x000A       [1]    PCLATH
0x001F       [1]    CMCON
0x0020       [1]    _i
0x0021       [2]    ___DoICPAddr
0x0070       [1]    R0
0x0071       [1]    R1
0x0072       [1]    R2
0x0073       [1]    R3
0x0074       [1]    R4
0x0075       [1]    R5
0x0076       [1]    R6
0x0077       [1]    R7
0x0078       [1]    R8
0x0079       [1]    R9
0x007A       [1]    R10
0x007B       [1]    R11
0x007C       [1]    R12
0x007D       [1]    R13
0x007E       [1]    R14
0x007F       [1]    R15
0x0085       [1]    TRISA
0x0086       [1]    TRISB
0x009F       [1]    VRCON
