;  LST file generated by mikroListExporter - v.2.0 
; Date/Time: 9.01.2021 14:31:02
;----------------------------------------------

;Address Opcode 	ASM
0x0000	0x2803      	GOTO       3
_main:
;LED_YAKMA.c,5 :: 		void main() {
;LED_YAKMA.c,7 :: 		TRISA=0B00000000; // PORTA BINARY(2LÝK) SÝSTEMDE ÇIKIÞ YAPILDI - EGER BINARY VERÝCEKSEK 0B YAZILMASI LAZIM
0x0003	0x1683      	BSF        STATUS, 5
0x0004	0x1303      	BCF        STATUS, 6
0x0005	0x0185      	CLRF       TRISA
;LED_YAKMA.c,10 :: 		PORTA=0; // PORTA ÝÇERÝÐÝ TEMÝZLENDÝ
0x0006	0x1283      	BCF        STATUS, 5
0x0007	0x0185      	CLRF       PORTA
;LED_YAKMA.c,12 :: 		while(1)
L_main0:
;LED_YAKMA.c,14 :: 		PORTA.RA0=1;    // PORTA'NIN 0.CI BACAÐINI 1 YAP YANÝ 17.BACAGINA +5V YOLLADIK
0x0008	0x1405      	BSF        PORTA, 0
;LED_YAKMA.c,15 :: 		DELAY_MS(1000);
0x0009	0x3006      	MOVLW      6
0x000A	0x00FB      	MOVWF      R11
0x000B	0x3013      	MOVLW      19
0x000C	0x00FC      	MOVWF      R12
0x000D	0x30AD      	MOVLW      173
0x000E	0x00FD      	MOVWF      R13
L_main2:
0x000F	0x0BFD      	DECFSZ     R13, 1
0x0010	0x280F      	GOTO       L_main2
0x0011	0x0BFC      	DECFSZ     R12, 1
0x0012	0x280F      	GOTO       L_main2
0x0013	0x0BFB      	DECFSZ     R11, 1
0x0014	0x280F      	GOTO       L_main2
0x0015	0x0000      	NOP
0x0016	0x0000      	NOP
;LED_YAKMA.c,16 :: 		PORTA.RA0=0; // PORTA'NIN 0.CI BÝTÝNÝ 0 YAPTIK 17.BACAGI 0 VOLT YOLLADIK
0x0017	0x1005      	BCF        PORTA, 0
;LED_YAKMA.c,17 :: 		DELAY_MS(1000);
0x0018	0x3006      	MOVLW      6
0x0019	0x00FB      	MOVWF      R11
0x001A	0x3013      	MOVLW      19
0x001B	0x00FC      	MOVWF      R12
0x001C	0x30AD      	MOVLW      173
0x001D	0x00FD      	MOVWF      R13
L_main3:
0x001E	0x0BFD      	DECFSZ     R13, 1
0x001F	0x281E      	GOTO       L_main3
0x0020	0x0BFC      	DECFSZ     R12, 1
0x0021	0x281E      	GOTO       L_main3
0x0022	0x0BFB      	DECFSZ     R11, 1
0x0023	0x281E      	GOTO       L_main3
0x0024	0x0000      	NOP
0x0025	0x0000      	NOP
;LED_YAKMA.c,20 :: 		}
0x0026	0x2808      	GOTO       L_main0
;LED_YAKMA.c,22 :: 		}
L_end_main:
0x0027	0x2827      	GOTO       $+0
; end of _main
Symbol List:
//** Routines locations **
//ADDRESS    SIZE    PROCEDURE
//----------------------------------------------
0x0003      [37]    _main
//** Variables locations ** 
//ADDRESS    SIZE    VARIABLE
//----------------------------------------------
0x0000       [1]    INDF
0x0003       [1]    STATUS
0x0004       [1]    FSR
0x0005       [1]    PORTA
0x000A       [1]    PCLATH
0x0020       [2]    ___DoICPAddr
0x0070       [1]    R0
0x0071       [1]    R1
0x0072       [1]    R2
0x0073       [1]    R3
0x0074       [1]    R4
0x0075       [1]    R5
0x0076       [1]    R6
0x0077       [1]    R7
0x0078       [1]    R8
0x0079       [1]    R9
0x007A       [1]    R10
0x007B       [1]    R11
0x007C       [1]    R12
0x007D       [1]    R13
0x007E       [1]    R14
0x007F       [1]    R15
0x0085       [1]    TRISA
