;  LST file generated by mikroListExporter - v.2.0 
; Date/Time: 9.01.2021 16:02:37
;----------------------------------------------

;Address Opcode 	ASM
0x0000	0x2803      	GOTO       3
_main:
;TRAFIK_LAMBASI.c,1 :: 		void main() {
;TRAFIK_LAMBASI.c,2 :: 		TRISA=0B00000000;
0x0003	0x1683      	BSF        STATUS, 5
0x0004	0x1303      	BCF        STATUS, 6
0x0005	0x0185      	CLRF       TRISA
;TRAFIK_LAMBASI.c,3 :: 		PORTA=0;
0x0006	0x1283      	BCF        STATUS, 5
0x0007	0x0185      	CLRF       PORTA
;TRAFIK_LAMBASI.c,4 :: 		CMCON=7;
0x0008	0x3007      	MOVLW      7
0x0009	0x009F      	MOVWF      CMCON
;TRAFIK_LAMBASI.c,5 :: 		while(1)
L_main0:
;TRAFIK_LAMBASI.c,7 :: 		PORTA=0B00000001;
0x000A	0x3001      	MOVLW      1
0x000B	0x0085      	MOVWF      PORTA
;TRAFIK_LAMBASI.c,8 :: 		DELAY_MS(3000);
0x000C	0x3010      	MOVLW      16
0x000D	0x00FB      	MOVWF      R11
0x000E	0x3039      	MOVLW      57
0x000F	0x00FC      	MOVWF      R12
0x0010	0x300D      	MOVLW      13
0x0011	0x00FD      	MOVWF      R13
L_main2:
0x0012	0x0BFD      	DECFSZ     R13, 1
0x0013	0x2812      	GOTO       L_main2
0x0014	0x0BFC      	DECFSZ     R12, 1
0x0015	0x2812      	GOTO       L_main2
0x0016	0x0BFB      	DECFSZ     R11, 1
0x0017	0x2812      	GOTO       L_main2
0x0018	0x0000      	NOP
0x0019	0x0000      	NOP
;TRAFIK_LAMBASI.c,9 :: 		PORTA=0B00000010;
0x001A	0x3002      	MOVLW      2
0x001B	0x0085      	MOVWF      PORTA
;TRAFIK_LAMBASI.c,10 :: 		DELAY_MS(1000);
0x001C	0x3006      	MOVLW      6
0x001D	0x00FB      	MOVWF      R11
0x001E	0x3013      	MOVLW      19
0x001F	0x00FC      	MOVWF      R12
0x0020	0x30AD      	MOVLW      173
0x0021	0x00FD      	MOVWF      R13
L_main3:
0x0022	0x0BFD      	DECFSZ     R13, 1
0x0023	0x2822      	GOTO       L_main3
0x0024	0x0BFC      	DECFSZ     R12, 1
0x0025	0x2822      	GOTO       L_main3
0x0026	0x0BFB      	DECFSZ     R11, 1
0x0027	0x2822      	GOTO       L_main3
0x0028	0x0000      	NOP
0x0029	0x0000      	NOP
;TRAFIK_LAMBASI.c,11 :: 		PORTA=0B00000100;
0x002A	0x3004      	MOVLW      4
0x002B	0x0085      	MOVWF      PORTA
;TRAFIK_LAMBASI.c,12 :: 		DELAY_MS(2000);
0x002C	0x300B      	MOVLW      11
0x002D	0x00FB      	MOVWF      R11
0x002E	0x3026      	MOVLW      38
0x002F	0x00FC      	MOVWF      R12
0x0030	0x305D      	MOVLW      93
0x0031	0x00FD      	MOVWF      R13
L_main4:
0x0032	0x0BFD      	DECFSZ     R13, 1
0x0033	0x2832      	GOTO       L_main4
0x0034	0x0BFC      	DECFSZ     R12, 1
0x0035	0x2832      	GOTO       L_main4
0x0036	0x0BFB      	DECFSZ     R11, 1
0x0037	0x2832      	GOTO       L_main4
0x0038	0x0000      	NOP
0x0039	0x0000      	NOP
;TRAFIK_LAMBASI.c,13 :: 		PORTA=0B00000010;
0x003A	0x3002      	MOVLW      2
0x003B	0x0085      	MOVWF      PORTA
;TRAFIK_LAMBASI.c,14 :: 		DELAY_MS(1000);
0x003C	0x3006      	MOVLW      6
0x003D	0x00FB      	MOVWF      R11
0x003E	0x3013      	MOVLW      19
0x003F	0x00FC      	MOVWF      R12
0x0040	0x30AD      	MOVLW      173
0x0041	0x00FD      	MOVWF      R13
L_main5:
0x0042	0x0BFD      	DECFSZ     R13, 1
0x0043	0x2842      	GOTO       L_main5
0x0044	0x0BFC      	DECFSZ     R12, 1
0x0045	0x2842      	GOTO       L_main5
0x0046	0x0BFB      	DECFSZ     R11, 1
0x0047	0x2842      	GOTO       L_main5
0x0048	0x0000      	NOP
0x0049	0x0000      	NOP
;TRAFIK_LAMBASI.c,15 :: 		PORTA=0B00000001;
0x004A	0x3001      	MOVLW      1
0x004B	0x0085      	MOVWF      PORTA
;TRAFIK_LAMBASI.c,16 :: 		}
0x004C	0x280A      	GOTO       L_main0
;TRAFIK_LAMBASI.c,17 :: 		}
L_end_main:
0x004D	0x284D      	GOTO       $+0
; end of _main
Symbol List:
//** Routines locations **
//ADDRESS    SIZE    PROCEDURE
//----------------------------------------------
0x0003      [75]    _main
//** Variables locations ** 
//ADDRESS    SIZE    VARIABLE
//----------------------------------------------
0x0000       [1]    INDF
0x0003       [1]    STATUS
0x0004       [1]    FSR
0x0005       [1]    PORTA
0x000A       [1]    PCLATH
0x001F       [1]    CMCON
0x0020       [2]    ___DoICPAddr
0x0070       [1]    R0
0x0071       [1]    R1
0x0072       [1]    R2
0x0073       [1]    R3
0x0074       [1]    R4
0x0075       [1]    R5
0x0076       [1]    R6
0x0077       [1]    R7
0x0078       [1]    R8
0x0079       [1]    R9
0x007A       [1]    R10
0x007B       [1]    R11
0x007C       [1]    R12
0x007D       [1]    R13
0x007E       [1]    R14
0x007F       [1]    R15
0x0085       [1]    TRISA
