;  LST file generated by mikroListExporter - v.2.0 
; Date/Time: 10.01.2021 14:41:33
;----------------------------------------------

;Address Opcode 	ASM
0x0000	0x2803      	GOTO       3
_main:
;FOR_DONGUSU.c,5 :: 		void main() {
;FOR_DONGUSU.c,7 :: 		cmcon=0; // comparator(karþýlaþtýrýcý kapatýldý pinler dijital olarak ayarlandý
0x0003	0x1283      	BCF        STATUS, 5
0x0004	0x1303      	BCF        STATUS, 6
0x0005	0x019F      	CLRF       CMCON
;FOR_DONGUSU.c,8 :: 		vrcon=0; // referans voltak giriþi kapatýldý
0x0006	0x1683      	BSF        STATUS, 5
0x0007	0x019F      	CLRF       VRCON
;FOR_DONGUSU.c,9 :: 		TRISB=0x00;  // 0x00 demek 0 demektir.
0x0008	0x0186      	CLRF       TRISB
;FOR_DONGUSU.c,10 :: 		trisa=0b00000000;
0x0009	0x0185      	CLRF       TRISA
;FOR_DONGUSU.c,11 :: 		portb=0;
0x000A	0x1283      	BCF        STATUS, 5
0x000B	0x0186      	CLRF       PORTB
;FOR_DONGUSU.c,12 :: 		porta=0;
0x000C	0x0185      	CLRF       PORTA
;FOR_DONGUSU.c,13 :: 		led=1;
0x000D	0x3001      	MOVLW      1
0x000E	0x00A3      	MOVWF      _led
;FOR_DONGUSU.c,15 :: 		while(1)
L_main0:
;FOR_DONGUSU.c,17 :: 		for(i=1;i<8;i++)
0x000F	0x3001      	MOVLW      1
0x0010	0x00A0      	MOVWF      _i
L_main2:
0x0011	0x3008      	MOVLW      8
0x0012	0x0220      	SUBWF      _i, 0
0x0013	0x1803      	BTFSC      STATUS, 0
0x0014	0x2825      	GOTO       L_main3
;FOR_DONGUSU.c,19 :: 		portb=led;
0x0015	0x0823      	MOVF       _led, 0
0x0016	0x0086      	MOVWF      PORTB
;FOR_DONGUSU.c,20 :: 		led=led << 1;
0x0017	0x0DA3      	RLF        _led, 1
0x0018	0x1023      	BCF        _led, 0
;FOR_DONGUSU.c,21 :: 		delay_ms(100);
0x0019	0x3082      	MOVLW      130
0x001A	0x00FC      	MOVWF      R12
0x001B	0x30DD      	MOVLW      221
0x001C	0x00FD      	MOVWF      R13
L_main5:
0x001D	0x0BFD      	DECFSZ     R13, 1
0x001E	0x281D      	GOTO       L_main5
0x001F	0x0BFC      	DECFSZ     R12, 1
0x0020	0x281D      	GOTO       L_main5
0x0021	0x0000      	NOP
0x0022	0x0000      	NOP
;FOR_DONGUSU.c,17 :: 		for(i=1;i<8;i++)
0x0023	0x0AA0      	INCF       _i, 1
;FOR_DONGUSU.c,23 :: 		}
0x0024	0x2811      	GOTO       L_main2
L_main3:
;FOR_DONGUSU.c,24 :: 		for(i=1;i<8;i++)
0x0025	0x3001      	MOVLW      1
0x0026	0x00A0      	MOVWF      _i
L_main6:
0x0027	0x3008      	MOVLW      8
0x0028	0x0220      	SUBWF      _i, 0
0x0029	0x1803      	BTFSC      STATUS, 0
0x002A	0x283B      	GOTO       L_main7
;FOR_DONGUSU.c,26 :: 		portb=led;
0x002B	0x0823      	MOVF       _led, 0
0x002C	0x0086      	MOVWF      PORTB
;FOR_DONGUSU.c,27 :: 		led=led>> 1;
0x002D	0x0CA3      	RRF        _led, 1
0x002E	0x13A3      	BCF        _led, 7
;FOR_DONGUSU.c,28 :: 		delay_ms(100);
0x002F	0x3082      	MOVLW      130
0x0030	0x00FC      	MOVWF      R12
0x0031	0x30DD      	MOVLW      221
0x0032	0x00FD      	MOVWF      R13
L_main9:
0x0033	0x0BFD      	DECFSZ     R13, 1
0x0034	0x2833      	GOTO       L_main9
0x0035	0x0BFC      	DECFSZ     R12, 1
0x0036	0x2833      	GOTO       L_main9
0x0037	0x0000      	NOP
0x0038	0x0000      	NOP
;FOR_DONGUSU.c,24 :: 		for(i=1;i<8;i++)
0x0039	0x0AA0      	INCF       _i, 1
;FOR_DONGUSU.c,29 :: 		}
0x003A	0x2827      	GOTO       L_main6
L_main7:
;FOR_DONGUSU.c,31 :: 		}
0x003B	0x280F      	GOTO       L_main0
;FOR_DONGUSU.c,33 :: 		}
L_end_main:
0x003C	0x283C      	GOTO       $+0
; end of _main
Symbol List:
//** Routines locations **
//ADDRESS    SIZE    PROCEDURE
//----------------------------------------------
0x0003      [58]    _main
//** Variables locations ** 
//ADDRESS    SIZE    VARIABLE
//----------------------------------------------
0x0000       [1]    INDF
0x0003       [1]    STATUS
0x0004       [1]    FSR
0x0005       [1]    PORTA
0x0006       [1]    PORTB
0x000A       [1]    PCLATH
0x001F       [1]    CMCON
0x0020       [1]    _i
0x0021       [2]    ___DoICPAddr
0x0023       [1]    _led
0x0070       [1]    R0
0x0071       [1]    R1
0x0072       [1]    R2
0x0073       [1]    R3
0x0074       [1]    R4
0x0075       [1]    R5
0x0076       [1]    R6
0x0077       [1]    R7
0x0078       [1]    R8
0x0079       [1]    R9
0x007A       [1]    R10
0x007B       [1]    R11
0x007C       [1]    R12
0x007D       [1]    R13
0x007E       [1]    R14
0x007F       [1]    R15
0x0085       [1]    TRISA
0x0086       [1]    TRISB
0x009F       [1]    VRCON
